16/Apr/2022:18:00:09 962 [Calculator.java] [INFO] Calculator.Calculator Power : 0.0^0.0/n Result : 1.0
16/Apr/2022:18:00:09 966 [Calculator.java] [INFO] Calculator.Calculator Power : 2.0^-3.0/n Result : 0.125
16/Apr/2022:18:00:09 967 [Calculator.java] [INFO] Calculator.Calculator Factorial of the number : 5.0
 Result is : 120.0
16/Apr/2022:18:00:09 967 [Calculator.java] [INFO] Calculator.Calculator Factorial of negative number is not possible!
16/Apr/2022:18:00:09 967 [Calculator.java] [INFO] Calculator.Calculator Factorial of the number : 0.0
 Result is : 1.0
16/Apr/2022:18:00:09 968 [Calculator.java] [INFO] Calculator.Calculator Factorial of negative number is not possible!
16/Apr/2022:18:00:09 968 [Calculator.java] [INFO] Calculator.Calculator Factorial of the number : 36.0
 Result is : 3.719933267899012E41
16/Apr/2022:18:00:09 969 [Calculator.java] [INFO] Calculator.Calculator Calculating Natural Logarithm of : 10.0
 Result : 2.302585092994046
16/Apr/2022:18:00:09 969 [Calculator.java] [INFO] Calculator.Calculator Calculating Natural Logarithm of : -25.0
 Result : NaN
16/Apr/2022:18:00:09 970 [Calculator.java] [INFO] Calculator.Calculator Calculating Natural Logarithm of : -24.0
 Result : NaN
16/Apr/2022:18:00:09 970 [Calculator.java] [INFO] Calculator.Calculator Calculating Natural Logarithm of : 36.0
 Result : 3.58351893845611
16/Apr/2022:18:00:09 971 [Calculator.java] [INFO] Calculator.Calculator Calculating Square Root of : 100.0
 Result : 10.0
16/Apr/2022:18:00:09 972 [Calculator.java] [INFO] Calculator.Calculator Calculating Square Root of : -100.0
 Result : NaN
16/Apr/2022:18:00:09 972 [Calculator.java] [INFO] Calculator.Calculator Calculating Square Root of : 0.0
 Result : 0.0
16/Apr/2022:18:00:09 973 [Calculator.java] [INFO] Calculator.Calculator Calculating Square Root of : 64.0
 Result : 8.0
16/Apr/2022:18:00:09 973 [Calculator.java] [INFO] Calculator.Calculator Calculating Square Root of : -36.0
 Result : NaN
16/Apr/2022:18:00:09 973 [Calculator.java] [INFO] Calculator.Calculator Calculating Square Root of : 0.0
 Result : 0.0
16/Apr/2022:18:00:09 974 [Calculator.java] [INFO] Calculator.Calculator Power : 2.0^3.0/n Result : 8.0
16/Apr/2022:18:00:09 974 [Calculator.java] [INFO] Calculator.Calculator Power : 2.0^-3.0/n Result : 0.125
16/Apr/2022:18:00:09 975 [Calculator.java] [INFO] Calculator.Calculator Power : 0.0^0.0/n Result : 1.0
16/Apr/2022:17:54:46 409 [Calculator.java] [INFO] Calculator.Calculator Calculating Square Root of : 4.0
 Result : 2.0
16/Apr/2022:18:40:52 403 [Calculator.java] [INFO] Calculator.Calculator Power : 0.0^0.0/n Result : 1.0
16/Apr/2022:18:40:52 409 [Calculator.java] [INFO] Calculator.Calculator Power : 2.0^-3.0/n Result : 0.125
16/Apr/2022:18:40:52 411 [Calculator.java] [INFO] Calculator.Calculator Factorial of the number : 5.0
 Result is : 120.0
16/Apr/2022:18:40:52 411 [Calculator.java] [INFO] Calculator.Calculator Factorial of negative number is not possible!
16/Apr/2022:18:40:52 412 [Calculator.java] [INFO] Calculator.Calculator Factorial of the number : 0.0
 Result is : 1.0
16/Apr/2022:18:40:52 413 [Calculator.java] [INFO] Calculator.Calculator Factorial of negative number is not possible!
16/Apr/2022:18:40:52 414 [Calculator.java] [INFO] Calculator.Calculator Factorial of the number : 36.0
 Result is : 3.719933267899012E41
16/Apr/2022:18:40:52 416 [Calculator.java] [INFO] Calculator.Calculator Calculating Natural Logarithm of : 10.0
 Result : 2.302585092994046
16/Apr/2022:18:40:52 416 [Calculator.java] [INFO] Calculator.Calculator Calculating Natural Logarithm of : -25.0
 Result : NaN
16/Apr/2022:18:40:52 418 [Calculator.java] [INFO] Calculator.Calculator Calculating Natural Logarithm of : -24.0
 Result : NaN
16/Apr/2022:18:40:52 419 [Calculator.java] [INFO] Calculator.Calculator Calculating Natural Logarithm of : 36.0
 Result : 3.58351893845611
16/Apr/2022:18:40:52 420 [Calculator.java] [INFO] Calculator.Calculator Calculating Square Root of : 100.0
 Result : 10.0
16/Apr/2022:18:40:52 421 [Calculator.java] [INFO] Calculator.Calculator Calculating Square Root of : -100.0
 Result : NaN
16/Apr/2022:18:40:52 421 [Calculator.java] [INFO] Calculator.Calculator Calculating Square Root of : 0.0
 Result : 0.0
16/Apr/2022:18:40:52 423 [Calculator.java] [INFO] Calculator.Calculator Calculating Square Root of : 64.0
 Result : 8.0
16/Apr/2022:18:40:52 423 [Calculator.java] [INFO] Calculator.Calculator Calculating Square Root of : -36.0
 Result : NaN
16/Apr/2022:18:40:52 424 [Calculator.java] [INFO] Calculator.Calculator Calculating Square Root of : 0.0
 Result : 0.0
16/Apr/2022:18:40:52 425 [Calculator.java] [INFO] Calculator.Calculator Power : 2.0^3.0/n Result : 8.0
16/Apr/2022:18:40:52 426 [Calculator.java] [INFO] Calculator.Calculator Power : 2.0^-3.0/n Result : 0.125
16/Apr/2022:18:40:52 427 [Calculator.java] [INFO] Calculator.Calculator Power : 0.0^0.0/n Result : 1.0
16/Apr/2022:18:42:26 428 [Calculator.java] [INFO] Calculator.Calculator Power : 0.0^0.0/n Result : 1.0
16/Apr/2022:18:42:26 431 [Calculator.java] [INFO] Calculator.Calculator Power : 2.0^-3.0/n Result : 0.125
16/Apr/2022:18:42:26 432 [Calculator.java] [INFO] Calculator.Calculator Factorial of the number : 5.0
 Result is : 120.0
16/Apr/2022:18:42:26 433 [Calculator.java] [INFO] Calculator.Calculator Factorial of negative number is not possible!
16/Apr/2022:18:42:26 433 [Calculator.java] [INFO] Calculator.Calculator Factorial of the number : 0.0
 Result is : 1.0
16/Apr/2022:18:42:26 434 [Calculator.java] [INFO] Calculator.Calculator Factorial of negative number is not possible!
16/Apr/2022:18:42:26 435 [Calculator.java] [INFO] Calculator.Calculator Factorial of the number : 36.0
 Result is : 3.719933267899012E41
16/Apr/2022:18:42:26 435 [Calculator.java] [INFO] Calculator.Calculator Calculating Natural Logarithm of : 10.0
 Result : 2.302585092994046
16/Apr/2022:18:42:26 436 [Calculator.java] [INFO] Calculator.Calculator Calculating Natural Logarithm of : -25.0
 Result : NaN
16/Apr/2022:18:42:26 437 [Calculator.java] [INFO] Calculator.Calculator Calculating Natural Logarithm of : -24.0
 Result : NaN
16/Apr/2022:18:42:26 437 [Calculator.java] [INFO] Calculator.Calculator Calculating Natural Logarithm of : 36.0
 Result : 3.58351893845611
16/Apr/2022:18:42:26 438 [Calculator.java] [INFO] Calculator.Calculator Calculating Square Root of : 100.0
 Result : 10.0
16/Apr/2022:18:42:26 439 [Calculator.java] [INFO] Calculator.Calculator Calculating Square Root of : -100.0
 Result : NaN
16/Apr/2022:18:42:26 439 [Calculator.java] [INFO] Calculator.Calculator Calculating Square Root of : 0.0
 Result : 0.0
16/Apr/2022:18:42:26 440 [Calculator.java] [INFO] Calculator.Calculator Calculating Square Root of : 64.0
 Result : 8.0
16/Apr/2022:18:42:26 442 [Calculator.java] [INFO] Calculator.Calculator Calculating Square Root of : -36.0
 Result : NaN
16/Apr/2022:18:42:26 443 [Calculator.java] [INFO] Calculator.Calculator Calculating Square Root of : 0.0
 Result : 0.0
16/Apr/2022:18:42:26 444 [Calculator.java] [INFO] Calculator.Calculator Power : 2.0^3.0/n Result : 8.0
16/Apr/2022:18:42:26 444 [Calculator.java] [INFO] Calculator.Calculator Power : 2.0^-3.0/n Result : 0.125
16/Apr/2022:18:42:26 444 [Calculator.java] [INFO] Calculator.Calculator Power : 0.0^0.0/n Result : 1.0
